Determining if the pthread_create exist failed with the following output:
Change Dir: /home/lwan/ws/graphics/Scotty3D/build/CMakeFiles/CMakeTmp

Run Build Command:"/usr/bin/make" "cmTC_c5613/fast"
/usr/bin/make -f CMakeFiles/cmTC_c5613.dir/build.make CMakeFiles/cmTC_c5613.dir/build
make[1]: Entering directory '/home/lwan/ws/graphics/Scotty3D/build/CMakeFiles/CMakeTmp'
Building C object CMakeFiles/cmTC_c5613.dir/CheckSymbolExists.c.o
/usr/bin/cc     -o CMakeFiles/cmTC_c5613.dir/CheckSymbolExists.c.o   -c /home/lwan/ws/graphics/Scotty3D/build/CMakeFiles/CMakeTmp/CheckSymbolExists.c
Linking C executable cmTC_c5613
/usr/bin/cmake -E cmake_link_script CMakeFiles/cmTC_c5613.dir/link.txt --verbose=1
/usr/bin/cc       CMakeFiles/cmTC_c5613.dir/CheckSymbolExists.c.o  -o cmTC_c5613 -rdynamic 
CMakeFiles/cmTC_c5613.dir/CheckSymbolExists.c.o: In function `main':
CheckSymbolExists.c:(.text+0x16): undefined reference to `pthread_create'
collect2: error: ld returned 1 exit status
CMakeFiles/cmTC_c5613.dir/build.make:97: recipe for target 'cmTC_c5613' failed
make[1]: *** [cmTC_c5613] Error 1
make[1]: Leaving directory '/home/lwan/ws/graphics/Scotty3D/build/CMakeFiles/CMakeTmp'
Makefile:126: recipe for target 'cmTC_c5613/fast' failed
make: *** [cmTC_c5613/fast] Error 2

File /home/lwan/ws/graphics/Scotty3D/build/CMakeFiles/CMakeTmp/CheckSymbolExists.c:
/* */
#include <pthread.h>

int main(int argc, char** argv)
{
  (void)argv;
#ifndef pthread_create
  return ((int*)(&pthread_create))[argc];
#else
  (void)argc;
  return 0;
#endif
}

Determining if the function pthread_create exists in the pthreads failed with the following output:
Change Dir: /home/lwan/ws/graphics/Scotty3D/build/CMakeFiles/CMakeTmp

Run Build Command:"/usr/bin/make" "cmTC_5d293/fast"
/usr/bin/make -f CMakeFiles/cmTC_5d293.dir/build.make CMakeFiles/cmTC_5d293.dir/build
make[1]: Entering directory '/home/lwan/ws/graphics/Scotty3D/build/CMakeFiles/CMakeTmp'
Building C object CMakeFiles/cmTC_5d293.dir/CheckFunctionExists.c.o
/usr/bin/cc    -DCHECK_FUNCTION_EXISTS=pthread_create   -o CMakeFiles/cmTC_5d293.dir/CheckFunctionExists.c.o   -c /usr/share/cmake-3.5/Modules/CheckFunctionExists.c
Linking C executable cmTC_5d293
/usr/bin/cmake -E cmake_link_script CMakeFiles/cmTC_5d293.dir/link.txt --verbose=1
/usr/bin/cc   -DCHECK_FUNCTION_EXISTS=pthread_create    CMakeFiles/cmTC_5d293.dir/CheckFunctionExists.c.o  -o cmTC_5d293 -rdynamic -lpthreads 
/usr/bin/ld: cannot find -lpthreads
collect2: error: ld returned 1 exit status
CMakeFiles/cmTC_5d293.dir/build.make:97: recipe for target 'cmTC_5d293' failed
make[1]: *** [cmTC_5d293] Error 1
make[1]: Leaving directory '/home/lwan/ws/graphics/Scotty3D/build/CMakeFiles/CMakeTmp'
Makefile:126: recipe for target 'cmTC_5d293/fast' failed
make: *** [cmTC_5d293/fast] Error 2


Determining if the function glXGetProcAddressEXT exists failed with the following output:
Change Dir: /home/lwan/ws/graphics/Scotty3D/build/CMakeFiles/CMakeTmp

Run Build Command:"/usr/bin/make" "cmTC_2061c/fast"
/usr/bin/make -f CMakeFiles/cmTC_2061c.dir/build.make CMakeFiles/cmTC_2061c.dir/build
make[1]: Entering directory '/home/lwan/ws/graphics/Scotty3D/build/CMakeFiles/CMakeTmp'
Building C object CMakeFiles/cmTC_2061c.dir/CheckFunctionExists.c.o
/usr/bin/cc    -DCHECK_FUNCTION_EXISTS=glXGetProcAddressEXT   -o CMakeFiles/cmTC_2061c.dir/CheckFunctionExists.c.o   -c /usr/share/cmake-3.5/Modules/CheckFunctionExists.c
Linking C executable cmTC_2061c
/usr/bin/cmake -E cmake_link_script CMakeFiles/cmTC_2061c.dir/link.txt --verbose=1
/usr/bin/cc   -DCHECK_FUNCTION_EXISTS=glXGetProcAddressEXT    CMakeFiles/cmTC_2061c.dir/CheckFunctionExists.c.o  -o cmTC_2061c -rdynamic /usr/lib/x86_64-linux-gnu/libGL.so 
CMakeFiles/cmTC_2061c.dir/CheckFunctionExists.c.o: In function `main':
CheckFunctionExists.c:(.text+0x15): undefined reference to `glXGetProcAddressEXT'
collect2: error: ld returned 1 exit status
CMakeFiles/cmTC_2061c.dir/build.make:98: recipe for target 'cmTC_2061c' failed
make[1]: *** [cmTC_2061c] Error 1
make[1]: Leaving directory '/home/lwan/ws/graphics/Scotty3D/build/CMakeFiles/CMakeTmp'
Makefile:126: recipe for target 'cmTC_2061c/fast' failed
make: *** [cmTC_2061c/fast] Error 2


